<?xml version="1.0" encoding="UTF-8"?>
<testsuite name="Tests.SampleTest" tests="2" skipped="0" failures="0" errors="0" timestamp="2018-01-18T21:02:34" hostname="DESKTOP-2JKMAP9" time="0.004">
  <properties/>
  <testcase name="testCheckTime" classname="Tests.SampleTest" time="0.0"/>
  <testcase name="testGetTim" classname="Tests.SampleTest" time="0.004"/>
  <system-out><![CDATA[]]></system-out>
  <system-err><![CDATA[]]></system-err>
</testsuite>
