<?xml version="1.0" encoding="UTF-8"?>
<testsuite name="Tests.filterTest" tests="4" skipped="0" failures="0" errors="0" timestamp="2018-01-18T20:39:50" hostname="DESKTOP-2JKMAP9" time="0.034">
  <properties/>
  <testcase name="testEqualId" classname="Tests.filterTest" time="0.006"/>
  <testcase name="FilterAndtest" classname="Tests.filterTest" time="0.023"/>
  <testcase name="testEqualAltLon" classname="Tests.filterTest" time="0.001"/>
  <testcase name="testEqualTime" classname="Tests.filterTest" time="0.004"/>
  <system-out><![CDATA[]]></system-out>
  <system-err><![CDATA[]]></system-err>
</testsuite>
