<?xml version="1.0" encoding="UTF-8"?>
<testsuite name="Tests.DataBaseTest" tests="3" skipped="0" failures="0" errors="0" timestamp="2018-01-18T21:02:34" hostname="DESKTOP-2JKMAP9" time="0.004">
  <properties/>
  <testcase name="addTest" classname="Tests.DataBaseTest" time="0.002"/>
  <testcase name="constractorTest" classname="Tests.DataBaseTest" time="0.001"/>
  <testcase name="RemoveAllTest" classname="Tests.DataBaseTest" time="0.001"/>
  <system-out><![CDATA[]]></system-out>
  <system-err><![CDATA[]]></system-err>
</testsuite>
