<?xml version="1.0" encoding="UTF-8"?>
<testsuite name="Tests.wifiTest" tests="2" skipped="0" failures="0" errors="0" timestamp="2018-01-18T20:39:50" hostname="DESKTOP-2JKMAP9" time="0.0">
  <properties/>
  <testcase name="testconvertChannel" classname="Tests.wifiTest" time="0.0"/>
  <testcase name="testCompareTo" classname="Tests.wifiTest" time="0.0"/>
  <system-out><![CDATA[]]></system-out>
  <system-err><![CDATA[]]></system-err>
</testsuite>
