<?xml version="1.0" encoding="UTF-8"?>
<testsuite name="Tests.DataBaseTest" tests="3" skipped="0" failures="0" errors="0" timestamp="2018-01-18T20:39:50" hostname="DESKTOP-2JKMAP9" time="0.003">
  <properties/>
  <testcase name="addTest" classname="Tests.DataBaseTest" time="0.002"/>
  <testcase name="constractorTest" classname="Tests.DataBaseTest" time="0.0"/>
  <testcase name="RemoveAllTest" classname="Tests.DataBaseTest" time="0.0"/>
  <system-out><![CDATA[]]></system-out>
  <system-err><![CDATA[]]></system-err>
</testsuite>
