<?xml version="1.0" encoding="UTF-8"?>
<testsuite name="Tests.filterTest" tests="4" skipped="0" failures="0" errors="0" timestamp="2018-01-18T21:02:34" hostname="DESKTOP-2JKMAP9" time="0.035">
  <properties/>
  <testcase name="testEqualId" classname="Tests.filterTest" time="0.005"/>
  <testcase name="FilterAndtest" classname="Tests.filterTest" time="0.024"/>
  <testcase name="testEqualAltLon" classname="Tests.filterTest" time="0.001"/>
  <testcase name="testEqualTime" classname="Tests.filterTest" time="0.004"/>
  <system-out><![CDATA[]]></system-out>
  <system-err><![CDATA[]]></system-err>
</testsuite>
